<?xml version="1.0" encoding="UTF-8" standalone="yes"?><!DOCTYPE report PUBLIC "-//JACOCO//DTD Report 1.1//EN" "report.dtd"><report name="2048-game"><sessioninfo id="AGU-87b6f45b" start="1790103593625" dump="1790103595493"/><package name="ar/edu/unrc/game2048/strategy"><class name="ar/edu/unrc/game2048/strategy/RightMoveStrategy" sourcefilename="RightMoveStrategy.java"><method name="&lt;init&gt;" desc="()V" line="10"><counter type="INSTRUCTION" missed="0" covered="3"/><counter type="LINE" missed="0" covered="1"/><counter type="COMPLEXITY" missed="0" covered="1"/><counter type="METHOD" missed="0" covered="1"/></method><method name="extractLine" desc="(Lar/edu/unrc/game2048/Board;I)Ljava/util/List;" line="14"><counter type="INSTRUCTION" missed="0" covered="22"/><counter type="BRANCH" missed="0" covered="2"/><counter type="LINE" missed="0" covered="4"/><counter type="COMPLEXITY" missed="0" covered="2"/><counter type="METHOD" missed="0" covered="1"/></method><method name="writeLine" desc="(Lar/edu/unrc/game2048/Board;ILjava/util/List;)V" line="23"><counter type="INSTRUCTION" missed="0" covered="23"/><counter type="BRANCH" missed="0" covered="2"/><counter type="LINE" missed="0" covered="3"/><counter type="COMPLEXITY" missed="0" covered="2"/><counter type="METHOD" missed="0" covered="1"/></method><counter type="INSTRUCTION" missed="0" covered="48"/><counter type="BRANCH" missed="0" covered="4"/><counter type="LINE" missed="0" covered="8"/><counter type="COMPLEXITY" missed="0" covered="5"/><counter type="METHOD" missed="0" covered="3"/><counter type="CLASS" missed="0" covered="1"/></class><class name="ar/edu/unrc/game2048/strategy/DownMoveStrategy" sourcefilename="DownMoveStrategy.java"><method name="&lt;init&gt;" desc="()V" line="10"><counter type="INSTRUCTION" missed="0" covered="3"/><counter type="LINE" missed="0" covered="1"/><counter type="COMPLEXITY" missed="0" covered="1"/><counter type="METHOD" missed="0" covered="1"/></method><method name="extractLine" desc="(Lar/edu/unrc/game2048/Board;I)Ljava/util/List;" line="14"><counter type="INSTRUCTION" missed="0" covered="22"/><counter type="BRANCH" missed="0" covered="2"/><counter type="LINE" missed="0" covered="4"/><counter type="COMPLEXITY" missed="0" covered="2"/><counter type="METHOD" missed="0" covered="1"/></method><method name="writeLine" desc="(Lar/edu/unrc/game2048/Board;ILjava/util/List;)V" line="23"><counter type="INSTRUCTION" missed="0" covered="23"/><counter type="BRANCH" missed="0" covered="2"/><counter type="LINE" missed="0" covered="3"/><counter type="COMPLEXITY" missed="0" covered="2"/><counter type="METHOD" missed="0" covered="1"/></method><counter type="INSTRUCTION" missed="0" covered="48"/><counter type="BRANCH" missed="0" covered="4"/><counter type="LINE" missed="0" covered="8"/><counter type="COMPLEXITY" missed="0" covered="5"/><counter type="METHOD" missed="0" covered="3"/><counter type="CLASS" missed="0" covered="1"/></class><class name="ar/edu/unrc/game2048/strategy/LeftMoveStrategy" sourcefilename="LeftMoveStrategy.java"><method name="&lt;init&gt;" desc="()V" line="10"><counter type="INSTRUCTION" missed="0" covered="3"/><counter type="LINE" missed="0" covered="1"/><counter type="COMPLEXITY" missed="0" covered="1"/><counter type="METHOD" missed="0" covered="1"/></method><method name="extractLine" desc="(Lar/edu/unrc/game2048/Board;I)Ljava/util/List;" line="14"><counter type="INSTRUCTION" missed="0" covered="21"/><counter type="BRANCH" missed="0" covered="2"/><counter type="LINE" missed="0" covered="4"/><counter type="COMPLEXITY" missed="0" covered="2"/><counter type="METHOD" missed="0" covered="1"/></method><method name="writeLine" desc="(Lar/edu/unrc/game2048/Board;ILjava/util/List;)V" line="23"><counter type="INSTRUCTION" missed="0" covered="17"/><counter type="BRANCH" missed="0" covered="2"/><counter type="LINE" missed="0" covered="3"/><counter type="COMPLEXITY" missed="0" covered="2"/><counter type="METHOD" missed="0" covered="1"/></method><counter type="INSTRUCTION" missed="0" covered="41"/><counter type="BRANCH" missed="0" covered="4"/><counter type="LINE" missed="0" covered="8"/><counter type="COMPLEXITY" missed="0" covered="5"/><counter type="METHOD" missed="0" covered="3"/><counter type="CLASS" missed="0" covered="1"/></class><class name="ar/edu/unrc/game2048/strategy/MoveStrategy" sourcefilename="MoveStrategy.java"/><class name="ar/edu/unrc/game2048/strategy/UpMoveStrategy" sourcefilename="UpMoveStrategy.java"><method name="&lt;init&gt;" desc="()V" line="10"><counter type="INSTRUCTION" missed="0" covered="3"/><counter type="LINE" missed="0" covered="1"/><counter type="COMPLEXITY" missed="0" covered="1"/><counter type="METHOD" missed="0" covered="1"/></method><method name="extractLine" desc="(Lar/edu/unrc/game2048/Board;I)Ljava/util/List;" line="14"><counter type="INSTRUCTION" missed="0" covered="21"/><counter type="BRANCH" missed="0" covered="2"/><counter type="LINE" missed="0" covered="4"/><counter type="COMPLEXITY" missed="0" covered="2"/><counter type="METHOD" missed="0" covered="1"/></method><method name="writeLine" desc="(Lar/edu/unrc/game2048/Board;ILjava/util/List;)V" line="23"><counter type="INSTRUCTION" missed="0" covered="17"/><counter type="BRANCH" missed="0" covered="2"/><counter type="LINE" missed="0" covered="3"/><counter type="COMPLEXITY" missed="0" covered="2"/><counter type="METHOD" missed="0" covered="1"/></method><counter type="INSTRUCTION" missed="0" covered="41"/><counter type="BRANCH" missed="0" covered="4"/><counter type="LINE" missed="0" covered="8"/><counter type="COMPLEXITY" missed="0" covered="5"/><counter type="METHOD" missed="0" covered="3"/><counter type="CLASS" missed="0" covered="1"/></class><sourcefile name="LeftMoveStrategy.java"><line nr="10" mi="0" ci="3" mb="0" cb="0"/><line nr="14" mi="0" ci="4" mb="0" cb="0"/><line nr="15" mi="0" ci="8" mb="0" cb="2"/><line nr="16" mi="0" ci="7" mb="0" cb="0"/><line nr="18" mi="0" ci="2" mb="0" cb="0"/><line nr="23" mi="0" ci="8" mb="0" cb="2"/><line nr="24" mi="0" ci="8" mb="0" cb="0"/><line nr="26" mi="0" ci="1" mb="0" cb="0"/><counter type="INSTRUCTION" missed="0" covered="41"/><counter type="BRANCH" missed="0" covered="4"/><counter type="LINE" missed="0" covered="8"/><counter type="COMPLEXITY" missed="0" covered="5"/><counter type="METHOD" missed="0" covered="3"/><counter type="CLASS" missed="0" covered="1"/></sourcefile><sourcefile name="MoveStrategy.java"/><sourcefile name="UpMoveStrategy.java"><line nr="10" mi="0" ci="3" mb="0" cb="0"/><line nr="14" mi="0" ci="4" mb="0" cb="0"/><line nr="15" mi="0" ci="8" mb="0" cb="2"/><line nr="16" mi="0" ci="7" mb="0" cb="0"/><line nr="18" mi="0" ci="2" mb="0" cb="0"/><line nr="23" mi="0" ci="8" mb="0" cb="2"/><line nr="24" mi="0" ci="8" mb="0" cb="0"/><line nr="26" mi="0" ci="1" mb="0" cb="0"/><counter type="INSTRUCTION" missed="0" covered="41"/><counter type="BRANCH" missed="0" covered="4"/><counter type="LINE" missed="0" covered="8"/><counter type="COMPLEXITY" missed="0" covered="5"/><counter type="METHOD" missed="0" covered="3"/><counter type="CLASS" missed="0" covered="1"/></sourcefile><sourcefile name="RightMoveStrategy.java"><line nr="10" mi="0" ci="3" mb="0" cb="0"/><line nr="14" mi="0" ci="4" mb="0" cb="0"/><line nr="15" mi="0" ci="9" mb="0" cb="2"/><line nr="16" mi="0" ci="7" mb="0" cb="0"/><line nr="18" mi="0" ci="2" mb="0" cb="0"/><line nr="23" mi="0" ci="9" mb="0" cb="2"/><line nr="24" mi="0" ci="13" mb="0" cb="0"/><line nr="26" mi="0" ci="1" mb="0" cb="0"/><counter type="INSTRUCTION" missed="0" covered="48"/><counter type="BRANCH" missed="0" covered="4"/><counter type="LINE" missed="0" covered="8"/><counter type="COMPLEXITY" missed="0" covered="5"/><counter type="METHOD" missed="0" covered="3"/><counter type="CLASS" missed="0" covered="1"/></sourcefile><sourcefile name="DownMoveStrategy.java"><line nr="10" mi="0" ci="3" mb="0" cb="0"/><line nr="14" mi="0" ci="4" mb="0" cb="0"/><line nr="15" mi="0" ci="9" mb="0" cb="2"/><line nr="16" mi="0" ci="7" mb="0" cb="0"/><line nr="18" mi="0" ci="2" mb="0" cb="0"/><line nr="23" mi="0" ci="9" mb="0" cb="2"/><line nr="24" mi="0" ci="13" mb="0" cb="0"/><line nr="26" mi="0" ci="1" mb="0" cb="0"/><counter type="INSTRUCTION" missed="0" covered="48"/><counter type="BRANCH" missed="0" covered="4"/><counter type="LINE" missed="0" covered="8"/><counter type="COMPLEXITY" missed="0" covered="5"/><counter type="METHOD" missed="0" covered="3"/><counter type="CLASS" missed="0" covered="1"/></sourcefile><counter type="INSTRUCTION" missed="0" covered="178"/><counter type="BRANCH" missed="0" covered="16"/><counter type="LINE" missed="0" covered="32"/><counter type="COMPLEXITY" missed="0" covered="20"/><counter type="METHOD" missed="0" covered="12"/><counter type="CLASS" missed="0" covered="4"/></package><package name="ar/edu/unrc/game2048"><class name="ar/edu/unrc/game2048/Cell" sourcefilename="Cell.java"><method name="&lt;init&gt;" desc="(I)V" line="35"><counter type="INSTRUCTION" missed="4" covered="32"/><counter type="BRANCH" missed="1" covered="7"/><counter type="LINE" missed="0" covered="6"/><counter type="COMPLEXITY" missed="1" covered="4"/><counter type="METHOD" missed="0" covered="1"/></method><method name="isEmpty" desc="()Z" line="49"><counter type="INSTRUCTION" missed="0" covered="7"/><counter type="BRANCH" missed="0" covered="2"/><counter type="LINE" missed="0" covered="1"/><counter type="COMPLEXITY" missed="0" covered="2"/><counter type="METHOD" missed="0" covered="1"/></method><method name="getValue" desc="()I" line="58"><counter type="INSTRUCTION" missed="0" covered="3"/><counter type="LINE" missed="0" covered="1"/><counter type="COMPLEXITY" missed="0" covered="1"/><counter type="METHOD" missed="0" covered="1"/></method><method name="repOK" desc="()Z" line="68"><counter type="INSTRUCTION" missed="3" covered="26"/><counter type="BRANCH" missed="2" covered="6"/><counter type="LINE" missed="1" covered="7"/><counter type="COMPLEXITY" missed="2" covered="3"/><counter type="METHOD" missed="0" covered="1"/></method><method name="canMergeWith" desc="(Lar/edu/unrc/game2048/Cell;)Z" line="90"><counter type="INSTRUCTION" missed="0" covered="17"/><counter type="BRANCH" missed="0" covered="6"/><counter type="LINE" missed="0" covered="3"/><counter type="COMPLEXITY" missed="0" covered="4"/><counter type="METHOD" missed="0" covered="1"/></method><method name="mergeWith" desc="(Lar/edu/unrc/game2048/Cell;)Lar/edu/unrc/game2048/Cell;" line="105"><counter type="INSTRUCTION" missed="0" covered="28"/><counter type="BRANCH" missed="0" covered="2"/><counter type="LINE" missed="0" covered="3"/><counter type="COMPLEXITY" missed="0" covered="2"/><counter type="METHOD" missed="0" covered="1"/></method><method name="equals" desc="(Ljava/lang/Object;)Z" line="122"><counter type="INSTRUCTION" missed="0" covered="26"/><counter type="BRANCH" missed="0" covered="8"/><counter type="LINE" missed="0" covered="4"/><counter type="COMPLEXITY" missed="0" covered="5"/><counter type="METHOD" missed="0" covered="1"/></method><method name="hashCode" desc="()I" line="136"><counter type="INSTRUCTION" missed="0" covered="10"/><counter type="LINE" missed="0" covered="1"/><counter type="COMPLEXITY" missed="0" covered="1"/><counter type="METHOD" missed="0" covered="1"/></method><method name="toString" desc="()Ljava/lang/String;" line="147"><counter type="INSTRUCTION" missed="0" covered="9"/><counter type="BRANCH" missed="0" covered="2"/><counter type="LINE" missed="0" covered="1"/><counter type="COMPLEXITY" missed="0" covered="2"/><counter type="METHOD" missed="0" covered="1"/></method><method name="&lt;clinit&gt;" desc="()V" line="27"><counter type="INSTRUCTION" missed="0" covered="6"/><counter type="LINE" missed="0" covered="1"/><counter type="COMPLEXITY" missed="0" covered="1"/><counter type="METHOD" missed="0" covered="1"/></method><counter type="INSTRUCTION" missed="7" covered="164"/><counter type="BRANCH" missed="3" covered="33"/><counter type="LINE" missed="1" covered="28"/><counter type="COMPLEXITY" missed="3" covered="25"/><counter type="METHOD" missed="0" covered="10"/><counter type="CLASS" missed="0" covered="1"/></class><class name="ar/edu/unrc/game2048/Board$Position" sourcefilename="Board.java"><method name="&lt;init&gt;" desc="(II)V" line="498"><counter type="INSTRUCTION" missed="0" covered="9"/><counter type="LINE" missed="0" covered="4"/><counter type="COMPLEXITY" missed="0" covered="1"/><counter type="METHOD" missed="0" covered="1"/></method><method name="equals" desc="(Ljava/lang/Object;)Z" line="505"><counter type="INSTRUCTION" missed="4" covered="27"/><counter type="BRANCH" missed="3" covered="7"/><counter type="LINE" missed="0" covered="4"/><counter type="COMPLEXITY" missed="3" covered="3"/><counter type="METHOD" missed="0" covered="1"/></method><method name="hashCode" desc="()I" line="513"><counter type="INSTRUCTION" missed="0" covered="16"/><counter type="LINE" missed="0" covered="1"/><counter type="COMPLEXITY" missed="0" covered="1"/><counter type="METHOD" missed="0" covered="1"/></method><method name="toString" desc="()Ljava/lang/String;" line="518"><counter type="INSTRUCTION" missed="0" covered="17"/><counter type="LINE" missed="0" covered="1"/><counter type="COMPLEXITY" missed="0" covered="1"/><counter type="METHOD" missed="0" covered="1"/></method><counter type="INSTRUCTION" missed="4" covered="69"/><counter type="BRANCH" missed="3" covered="7"/><counter type="LINE" missed="0" covered="10"/><counter type="COMPLEXITY" missed="3" covered="6"/><counter type="METHOD" missed="0" covered="4"/><counter type="CLASS" missed="0" covered="1"/></class><class name="ar/edu/unrc/game2048/Board$Direction" sourcefilename="Board.java"><method name="&lt;clinit&gt;" desc="()V" line="487"><counter type="INSTRUCTION" missed="0" covered="27"/><counter type="LINE" missed="0" covered="2"/><counter type="COMPLEXITY" missed="0" covered="1"/><counter type="METHOD" missed="0" covered="1"/></method><counter type="INSTRUCTION" missed="0" covered="27"/><counter type="LINE" missed="0" covered="2"/><counter type="COMPLEXITY" missed="0" covered="1"/><counter type="METHOD" missed="0" covered="1"/><counter type="CLASS" missed="0" covered="1"/></class><class name="ar/edu/unrc/game2048/Board" sourcefilename="Board.java"><method name="&lt;init&gt;" desc="()V" line="56"><counter type="INSTRUCTION" missed="0" covered="7"/><counter type="LINE" missed="0" covered="2"/><counter type="COMPLEXITY" missed="0" covered="1"/><counter type="METHOD" missed="0" covered="1"/></method><method name="&lt;init&gt;" desc="(I)V" line="66"><counter type="INSTRUCTION" missed="0" covered="7"/><counter type="LINE" missed="0" covered="2"/><counter type="COMPLEXITY" missed="0" covered="1"/><counter type="METHOD" missed="0" covered="1"/></method><method name="&lt;init&gt;" desc="(Lar/edu/unrc/game2048/RandomNumGeneration/IRandom;)V" line="75"><counter type="INSTRUCTION" missed="5" covered="0"/><counter type="LINE" missed="2" covered="0"/><counter type="COMPLEXITY" missed="1" covered="0"/><counter type="METHOD" missed="1" covered="0"/></method><method name="&lt;init&gt;" desc="(ILar/edu/unrc/game2048/RandomNumGeneration/IRandom;)V" line="85"><counter type="INSTRUCTION" missed="9" covered="45"/><counter type="BRANCH" missed="2" covered="4"/><counter type="LINE" missed="1" covered="13"/><counter type="COMPLEXITY" missed="2" covered="2"/><counter type="METHOD" missed="0" covered="1"/></method><method name="&lt;init&gt;" desc="(Lar/edu/unrc/game2048/Board;)V" line="107"><counter type="INSTRUCTION" missed="4" covered="54"/><counter type="BRANCH" missed="1" covered="5"/><counter type="LINE" missed="0" covered="10"/><counter type="COMPLEXITY" missed="1" covered="3"/><counter type="METHOD" missed="0" covered="1"/></method><method name="initializeEmpty" desc="()V" line="124"><counter type="INSTRUCTION" missed="4" covered="28"/><counter type="BRANCH" missed="1" covered="5"/><counter type="LINE" missed="0" covered="5"/><counter type="COMPLEXITY" missed="1" covered="3"/><counter type="METHOD" missed="0" covered="1"/></method><method name="getSize" desc="()I" line="138"><counter type="INSTRUCTION" missed="0" covered="3"/><counter type="LINE" missed="0" covered="1"/><counter type="COMPLEXITY" missed="0" covered="1"/><counter type="METHOD" missed="0" covered="1"/></method><method name="getScore" desc="()I" line="147"><counter type="INSTRUCTION" missed="0" covered="3"/><counter type="LINE" missed="0" covered="1"/><counter type="COMPLEXITY" missed="0" covered="1"/><counter type="METHOD" missed="0" covered="1"/></method><method name="repOK" desc="()Z" line="158"><counter type="INSTRUCTION" missed="6" covered="62"/><counter type="BRANCH" missed="8" covered="12"/><counter type="LINE" missed="3" covered="6"/><counter type="COMPLEXITY" missed="8" covered="3"/><counter type="METHOD" missed="0" covered="1"/></method><method name="getCell" desc="(II)Lar/edu/unrc/game2048/Cell;" line="184"><counter type="INSTRUCTION" missed="0" covered="11"/><counter type="LINE" missed="0" covered="2"/><counter type="COMPLEXITY" missed="0" covered="1"/><counter type="METHOD" missed="0" covered="1"/></method><method name="setCell" desc="(IILar/edu/unrc/game2048/Cell;)V" line="198"><counter type="INSTRUCTION" missed="9" covered="18"/><counter type="BRANCH" missed="2" covered="2"/><counter type="LINE" missed="1" covered="5"/><counter type="COMPLEXITY" missed="2" covered="1"/><counter type="METHOD" missed="0" covered="1"/></method><method name="validatePosition" desc="(II)V" line="214"><counter type="INSTRUCTION" missed="0" covered="37"/><counter type="BRANCH" missed="0" covered="8"/><counter type="LINE" missed="0" covered="5"/><counter type="COMPLEXITY" missed="0" covered="5"/><counter type="METHOD" missed="0" covered="1"/></method><method name="getEmptyPositions" desc="()Ljava/util/Set;" line="228"><counter type="INSTRUCTION" missed="0" covered="38"/><counter type="BRANCH" missed="0" covered="6"/><counter type="LINE" missed="0" covered="6"/><counter type="COMPLEXITY" missed="0" covered="4"/><counter type="METHOD" missed="0" covered="1"/></method><method name="hasEmptyCells" desc="()Z" line="245"><counter type="INSTRUCTION" missed="0" covered="8"/><counter type="BRANCH" missed="0" covered="2"/><counter type="LINE" missed="0" covered="1"/><counter type="COMPLEXITY" missed="0" covered="2"/><counter type="METHOD" missed="0" covered="1"/></method><method name="isWinningBoard" desc="()Z" line="255"><counter type="INSTRUCTION" missed="2" covered="27"/><counter type="BRANCH" missed="1" covered="5"/><counter type="LINE" missed="1" covered="4"/><counter type="COMPLEXITY" missed="1" covered="3"/><counter type="METHOD" missed="0" covered="1"/></method><method name="isLosingBoard" desc="()Z" line="273"><counter type="INSTRUCTION" missed="26" covered="42"/><counter type="BRANCH" missed="6" covered="8"/><counter type="LINE" missed="2" covered="8"/><counter type="COMPLEXITY" missed="4" covered="4"/><counter type="METHOD" missed="0" covered="1"/></method><method name="isFull" desc="()Z" line="300"><counter type="INSTRUCTION" missed="0" covered="7"/><counter type="BRANCH" missed="0" covered="2"/><counter type="LINE" missed="0" covered="1"/><counter type="COMPLEXITY" missed="0" covered="2"/><counter type="METHOD" missed="0" covered="1"/></method><method name="move" desc="(Lar/edu/unrc/game2048/strategy/MoveStrategy;)Z" line="306"><counter type="INSTRUCTION" missed="4" covered="136"/><counter type="BRANCH" missed="1" covered="19"/><counter type="LINE" missed="0" covered="28"/><counter type="COMPLEXITY" missed="1" covered="10"/><counter type="METHOD" missed="0" covered="1"/></method><method name="moveUp" desc="()Z" line="360"><counter type="INSTRUCTION" missed="4" covered="14"/><counter type="BRANCH" missed="1" covered="1"/><counter type="LINE" missed="0" covered="4"/><counter type="COMPLEXITY" missed="1" covered="1"/><counter type="METHOD" missed="0" covered="1"/></method><method name="moveDown" desc="()Z" line="372"><counter type="INSTRUCTION" missed="4" covered="14"/><counter type="BRANCH" missed="1" covered="1"/><counter type="LINE" missed="0" covered="4"/><counter type="COMPLEXITY" missed="1" covered="1"/><counter type="METHOD" missed="0" covered="1"/></method><method name="moveLeft" desc="()Z" line="384"><counter type="INSTRUCTION" missed="4" covered="14"/><counter type="BRANCH" missed="1" covered="1"/><counter type="LINE" missed="0" covered="4"/><counter type="COMPLEXITY" missed="1" covered="1"/><counter type="METHOD" missed="0" covered="1"/></method><method name="moveRight" desc="()Z" line="396"><counter type="INSTRUCTION" missed="4" covered="14"/><counter type="BRANCH" missed="1" covered="1"/><counter type="LINE" missed="0" covered="4"/><counter type="COMPLEXITY" missed="1" covered="1"/><counter type="METHOD" missed="0" covered="1"/></method><method name="addRandomTile" desc="()Z" line="412"><counter type="INSTRUCTION" missed="4" covered="53"/><counter type="BRANCH" missed="1" covered="5"/><counter type="LINE" missed="0" covered="9"/><counter type="COMPLEXITY" missed="1" covered="3"/><counter type="METHOD" missed="0" covered="1"/></method><method name="equals" desc="(Ljava/lang/Object;)Z" line="440"><counter type="INSTRUCTION" missed="2" covered="35"/><counter type="BRANCH" missed="3" covered="9"/><counter type="LINE" missed="0" covered="5"/><counter type="COMPLEXITY" missed="3" covered="4"/><counter type="METHOD" missed="0" covered="1"/></method><method name="hashCode" desc="()I" line="450"><counter type="INSTRUCTION" missed="0" covered="23"/><counter type="LINE" missed="0" covered="1"/><counter type="COMPLEXITY" missed="0" covered="1"/><counter type="METHOD" missed="0" covered="1"/></method><method name="toString" desc="()Ljava/lang/String;" line="459"><counter type="INSTRUCTION" missed="0" covered="108"/><counter type="BRANCH" missed="0" covered="10"/><counter type="LINE" missed="0" covered="17"/><counter type="COMPLEXITY" missed="0" covered="6"/><counter type="METHOD" missed="0" covered="1"/></method><method name="&lt;clinit&gt;" desc="()V" line="22"><counter type="INSTRUCTION" missed="0" covered="1"/><counter type="LINE" missed="0" covered="1"/><counter type="COMPLEXITY" missed="0" covered="1"/><counter type="METHOD" missed="0" covered="1"/></method><counter type="INSTRUCTION" missed="91" covered="809"/><counter type="BRANCH" missed="30" covered="106"/><counter type="LINE" missed="10" covered="149"/><counter type="COMPLEXITY" missed="29" covered="66"/><counter type="METHOD" missed="1" covered="26"/><counter type="CLASS" missed="0" covered="1"/></class><class name="ar/edu/unrc/game2048/MainCLI" sourcefilename="MainCLI.java"><method name="&lt;init&gt;" desc="()V" line="15"><counter type="INSTRUCTION" missed="14" covered="0"/><counter type="LINE" missed="4" covered="0"/><counter type="COMPLEXITY" missed="1" covered="0"/><counter type="METHOD" missed="1" covered="0"/></method><method name="&lt;init&gt;" desc="(Lar/edu/unrc/game2048/Board;)V" line="20"><counter type="INSTRUCTION" missed="12" covered="0"/><counter type="LINE" missed="4" covered="0"/><counter type="COMPLEXITY" missed="1" covered="0"/><counter type="METHOD" missed="1" covered="0"/></method><method name="play" desc="()V" line="29"><counter type="INSTRUCTION" missed="156" covered="0"/><counter type="BRANCH" missed="23" covered="0"/><counter type="LINE" missed="36" covered="0"/><counter type="COMPLEXITY" missed="14" covered="0"/><counter type="METHOD" missed="1" covered="0"/></method><method name="displayBoard" desc="()V" line="87"><counter type="INSTRUCTION" missed="5" covered="0"/><counter type="LINE" missed="2" covered="0"/><counter type="COMPLEXITY" missed="1" covered="0"/><counter type="METHOD" missed="1" covered="0"/></method><method name="main" desc="([Ljava/lang/String;)V" line="91"><counter type="INSTRUCTION" missed="7" covered="0"/><counter type="LINE" missed="3" covered="0"/><counter type="COMPLEXITY" missed="1" covered="0"/><counter type="METHOD" missed="1" covered="0"/></method><method name="getBoard" desc="()Lar/edu/unrc/game2048/Board;" line="96"><counter type="INSTRUCTION" missed="3" covered="0"/><counter type="LINE" missed="1" covered="0"/><counter type="COMPLEXITY" missed="1" covered="0"/><counter type="METHOD" missed="1" covered="0"/></method><method name="repOK" desc="()Z" line="100"><counter type="INSTRUCTION" missed="4" covered="0"/><counter type="LINE" missed="1" covered="0"/><counter type="COMPLEXITY" missed="1" covered="0"/><counter type="METHOD" missed="1" covered="0"/></method><method name="&lt;clinit&gt;" desc="()V" line="11"><counter type="INSTRUCTION" missed="1" covered="0"/><counter type="LINE" missed="1" covered="0"/><counter type="COMPLEXITY" missed="1" covered="0"/><counter type="METHOD" missed="1" covered="0"/></method><counter type="INSTRUCTION" missed="202" covered="0"/><counter type="BRANCH" missed="23" covered="0"/><counter type="LINE" missed="52" covered="0"/><counter type="COMPLEXITY" missed="21" covered="0"/><counter type="METHOD" missed="8" covered="0"/><counter type="CLASS" missed="1" covered="0"/></class><sourcefile name="Board.java"><line nr="22" mi="0" ci="1" mb="0" cb="0"/><line nr="56" mi="0" ci="6" mb="0" cb="0"/><line nr="57" mi="0" ci="1" mb="0" cb="0"/><line nr="66" mi="0" ci="6" mb="0" cb="0"/><line nr="67" mi="0" ci="1" mb="0" cb="0"/><line nr="75" mi="4" ci="0" mb="0" cb="0"/><line nr="76" mi="1" ci="0" mb="0" cb="0"/><line nr="85" mi="0" ci="2" mb="0" cb="0"/><line nr="86" mi="0" ci="2" mb="0" cb="2"/><line nr="87" mi="0" ci="12" mb="0" cb="0"/><line nr="89" mi="0" ci="2" mb="1" cb="1"/><line nr="90" mi="5" ci="0" mb="0" cb="0"/><line nr="92" mi="0" ci="3" mb="0" cb="0"/><line nr="93" mi="0" ci="5" mb="0" cb="0"/><line nr="94" mi="0" ci="3" mb="0" cb="0"/><line nr="95" mi="0" ci="3" mb="0" cb="0"/><line nr="96" mi="0" ci="2" mb="0" cb="0"/><line nr="97" mi="0" ci="3" mb="0" cb="0"/><line nr="98" mi="0" ci="3" mb="0" cb="0"/><line nr="99" mi="4" ci="4" mb="1" cb="1"/><line nr="100" mi="0" ci="1" mb="0" cb="0"/><line nr="107" mi="0" ci="2" mb="0" cb="0"/><line nr="108" mi="0" ci="4" mb="0" cb="0"/><line nr="109" mi="0" ci="7" mb="0" cb="0"/><line nr="110" mi="0" ci="4" mb="0" cb="0"/><line nr="111" mi="0" ci="4" mb="0" cb="0"/><line nr="112" mi="0" ci="8" mb="0" cb="2"/><line nr="113" mi="0" ci="8" mb="0" cb="2"/><line nr="114" mi="0" ci="12" mb="0" cb="0"/><line nr="117" mi="4" ci="4" mb="1" cb="1"/><line nr="118" mi="0" ci="1" mb="0" cb="0"/><line nr="124" mi="0" ci="8" mb="0" cb="2"/><line nr="125" mi="0" ci="8" mb="0" cb="2"/><line nr="126" mi="0" ci="7" mb="0" cb="0"/><line nr="129" mi="4" ci="4" mb="1" cb="1"/><line nr="130" mi="0" ci="1" mb="0" cb="0"/><line nr="138" mi="0" ci="3" mb="0" cb="0"/><line nr="147" mi="0" ci="3" mb="0" cb="0"/><line nr="158" mi="0" ci="15" mb="4" cb="4"/><line nr="159" mi="2" ci="0" mb="0" cb="0"/><line nr="162" mi="0" ci="17" mb="0" cb="2"/><line nr="163" mi="0" ci="7" mb="2" cb="2"/><line nr="164" mi="2" ci="0" mb="0" cb="0"/><line nr="166" mi="0" ci="16" mb="0" cb="2"/><line nr="167" mi="0" ci="5" mb="2" cb="2"/><line nr="168" mi="2" ci="0" mb="0" cb="0"/><line nr="172" mi="0" ci="2" mb="0" cb="0"/><line nr="184" mi="0" ci="4" mb="0" cb="0"/><line nr="185" mi="0" ci="7" mb="0" cb="0"/><line nr="198" mi="0" ci="4" mb="0" cb="0"/><line nr="199" mi="0" ci="2" mb="1" cb="1"/><line nr="200" mi="5" ci="0" mb="0" cb="0"/><line nr="202" mi="0" ci="7" mb="0" cb="0"/><line nr="203" mi="4" ci="4" mb="1" cb="1"/><line nr="204" mi="0" ci="1" mb="0" cb="0"/><line nr="214" mi="0" ci="12" mb="0" cb="8"/><line nr="215" mi="0" ci="8" mb="0" cb="0"/><line nr="216" mi="0" ci="3" mb="0" cb="0"/><line nr="217" mi="0" ci="13" mb="0" cb="0"/><line nr="220" mi="0" ci="1" mb="0" cb="0"/><line nr="228" mi="0" ci="4" mb="0" cb="0"/><line nr="229" mi="0" ci="8" mb="0" cb="2"/><line nr="230" mi="0" ci="8" mb="0" cb="2"/><line nr="231" mi="0" ci="8" mb="0" cb="2"/><line nr="232" mi="0" ci="8" mb="0" cb="0"/><line nr="236" mi="0" ci="2" mb="0" cb="0"/><line nr="245" mi="0" ci="8" mb="0" cb="2"/><line nr="255" mi="0" ci="8" mb="0" cb="2"/><line nr="256" mi="0" ci="8" mb="0" cb="2"/><line nr="257" mi="0" ci="9" mb="1" cb="1"/><line nr="258" mi="2" ci="0" mb="0" cb="0"/><line nr="262" mi="0" ci="2" mb="0" cb="0"/><line nr="273" mi="0" ci="3" mb="0" cb="2"/><line nr="274" mi="0" ci="2" mb="0" cb="0"/><line nr="278" mi="0" ci="8" mb="0" cb="2"/><line nr="279" mi="0" ci="8" mb="0" cb="2"/><line nr="280" mi="0" ci="7" mb="0" cb="0"/><line nr="282" mi="11" ci="6" mb="3" cb="1"/><line nr="283" mi="2" ci="0" mb="0" cb="0"/><line nr="286" mi="11" ci="6" mb="3" cb="1"/><line nr="287" mi="2" ci="0" mb="0" cb="0"/><line nr="291" mi="0" ci="2" mb="0" cb="0"/><line nr="300" mi="0" ci="7" mb="0" cb="2"/><line nr="306" mi="0" ci="5" mb="0" cb="0"/><line nr="309" mi="0" ci="8" mb="0" cb="2"/><line nr="311" mi="0" ci="5" mb="0" cb="0"/><line nr="314" mi="0" ci="4" mb="0" cb="0"/><line nr="315" mi="0" ci="10" mb="0" cb="2"/><line nr="316" mi="0" ci="3" mb="0" cb="2"/><line nr="317" mi="0" ci="4" mb="0" cb="0"/><line nr="319" mi="0" ci="1" mb="0" cb="0"/><line nr="322" mi="0" ci="4" mb="0" cb="0"/><line nr="323" mi="0" ci="2" mb="0" cb="0"/><line nr="324" mi="0" ci="4" mb="0" cb="2"/><line nr="325" mi="0" ci="8" mb="0" cb="2"/><line nr="326" mi="0" ci="10" mb="0" cb="2"/><line nr="327" mi="0" ci="12" mb="0" cb="0"/><line nr="328" mi="0" ci="4" mb="0" cb="0"/><line nr="329" mi="0" ci="7" mb="0" cb="0"/><line nr="330" mi="0" ci="1" mb="0" cb="0"/><line nr="331" mi="0" ci="1" mb="0" cb="0"/><line nr="332" mi="0" ci="7" mb="0" cb="0"/><line nr="333" mi="0" ci="2" mb="0" cb="0"/><line nr="338" mi="0" ci="5" mb="0" cb="2"/><line nr="339" mi="0" ci="5" mb="0" cb="0"/><line nr="343" mi="0" ci="5" mb="0" cb="0"/><line nr="346" mi="0" ci="8" mb="0" cb="2"/><line nr="347" mi="0" ci="2" mb="0" cb="2"/><line nr="348" mi="0" ci="3" mb="0" cb="0"/><line nr="350" mi="4" ci="4" mb="1" cb="1"/><line nr="351" mi="0" ci="2" mb="0" cb="0"/><line nr="360" mi="0" ci="4" mb="0" cb="0"/><line nr="361" mi="0" ci="4" mb="0" cb="0"/><line nr="362" mi="4" ci="4" mb="1" cb="1"/><line nr="363" mi="0" ci="2" mb="0" cb="0"/><line nr="372" mi="0" ci="4" mb="0" cb="0"/><line nr="373" mi="0" ci="4" mb="0" cb="0"/><line nr="374" mi="4" ci="4" mb="1" cb="1"/><line nr="375" mi="0" ci="2" mb="0" cb="0"/><line nr="384" mi="0" ci="4" mb="0" cb="0"/><line nr="385" mi="0" ci="4" mb="0" cb="0"/><line nr="386" mi="4" ci="4" mb="1" cb="1"/><line nr="387" mi="0" ci="2" mb="0" cb="0"/><line nr="396" mi="0" ci="4" mb="0" cb="0"/><line nr="397" mi="0" ci="4" mb="0" cb="0"/><line nr="398" mi="4" ci="4" mb="1" cb="1"/><line nr="399" mi="0" ci="2" mb="0" cb="0"/><line nr="412" mi="0" ci="3" mb="0" cb="0"/><line nr="413" mi="0" ci="3" mb="0" cb="2"/><line nr="414" mi="0" ci="2" mb="0" cb="0"/><line nr="418" mi="0" ci="7" mb="0" cb="0"/><line nr="419" mi="0" ci="9" mb="0" cb="0"/><line nr="422" mi="0" ci="11" mb="0" cb="2"/><line nr="423" mi="0" ci="12" mb="0" cb="0"/><line nr="425" mi="4" ci="4" mb="1" cb="1"/><line nr="426" mi="0" ci="2" mb="0" cb="0"/><line nr="440" mi="2" ci="3" mb="1" cb="1"/><line nr="441" mi="0" ci="9" mb="1" cb="3"/><line nr="442" mi="0" ci="3" mb="0" cb="0"/><line nr="443" mi="0" ci="15" mb="1" cb="3"/><line nr="445" mi="0" ci="5" mb="0" cb="2"/><line nr="450" mi="0" ci="23" mb="0" cb="0"/><line nr="459" mi="0" ci="4" mb="0" cb="0"/><line nr="460" mi="0" ci="9" mb="0" cb="0"/><line nr="461" mi="0" ci="8" mb="0" cb="2"/><line nr="462" mi="0" ci="4" mb="0" cb="0"/><line nr="463" mi="0" ci="8" mb="0" cb="2"/><line nr="464" mi="0" ci="4" mb="0" cb="0"/><line nr="466" mi="0" ci="4" mb="0" cb="0"/><line nr="467" mi="0" ci="8" mb="0" cb="2"/><line nr="468" mi="0" ci="10" mb="0" cb="2"/><line nr="469" mi="0" ci="16" mb="0" cb="0"/><line nr="470" mi="0" ci="6" mb="0" cb="0"/><line nr="472" mi="0" ci="4" mb="0" cb="0"/><line nr="474" mi="0" ci="4" mb="0" cb="0"/><line nr="475" mi="0" ci="8" mb="0" cb="2"/><line nr="476" mi="0" ci="4" mb="0" cb="0"/><line nr="478" mi="0" ci="4" mb="0" cb="0"/><line nr="479" mi="0" ci="3" mb="0" cb="0"/><line nr="487" mi="0" ci="3" mb="0" cb="0"/><line nr="488" mi="0" ci="24" mb="0" cb="0"/><line nr="498" mi="0" ci="2" mb="0" cb="0"/><line nr="499" mi="0" ci="3" mb="0" cb="0"/><line nr="500" mi="0" ci="3" mb="0" cb="0"/><line nr="501" mi="0" ci="1" mb="0" cb="0"/><line nr="505" mi="2" ci="3" mb="1" cb="1"/><line nr="506" mi="0" ci="9" mb="1" cb="3"/><line nr="507" mi="0" ci="3" mb="0" cb="0"/><line nr="508" mi="2" ci="12" mb="1" cb="3"/><line nr="513" mi="0" ci="16" mb="0" cb="0"/><line nr="518" mi="0" ci="17" mb="0" cb="0"/><counter type="INSTRUCTION" missed="95" covered="905"/><counter type="BRANCH" missed="33" covered="113"/><counter type="LINE" missed="10" covered="161"/><counter type="COMPLEXITY" missed="32" covered="73"/><counter type="METHOD" missed="1" covered="31"/><counter type="CLASS" missed="0" covered="3"/></sourcefile><sourcefile name="Cell.java"><line nr="27" mi="0" ci="6" mb="0" cb="0"/><line nr="35" mi="0" ci="2" mb="0" cb="0"/><line nr="36" mi="0" ci="10" mb="0" cb="6"/><line nr="37" mi="0" ci="12" mb="0" cb="0"/><line nr="39" mi="0" ci="3" mb="0" cb="0"/><line nr="40" mi="4" ci="4" mb="1" cb="1"/><line nr="41" mi="0" ci="1" mb="0" cb="0"/><line nr="49" mi="0" ci="7" mb="0" cb="2"/><line nr="58" mi="0" ci="3" mb="0" cb="0"/><line nr="68" mi="0" ci="3" mb="1" cb="1"/><line nr="69" mi="2" ci="0" mb="0" cb="0"/><line nr="71" mi="0" ci="3" mb="0" cb="2"/><line nr="72" mi="0" ci="2" mb="0" cb="0"/><line nr="75" mi="0" ci="3" mb="0" cb="0"/><line nr="76" mi="0" ci="4" mb="0" cb="2"/><line nr="77" mi="0" ci="5" mb="0" cb="0"/><line nr="79" mi="1" ci="6" mb="1" cb="1"/><line nr="90" mi="0" ci="6" mb="0" cb="4"/><line nr="91" mi="0" ci="2" mb="0" cb="0"/><line nr="93" mi="0" ci="9" mb="0" cb="2"/><line nr="105" mi="0" ci="4" mb="0" cb="2"/><line nr="106" mi="0" ci="16" mb="0" cb="0"/><line nr="110" mi="0" ci="8" mb="0" cb="0"/><line nr="122" mi="0" ci="5" mb="0" cb="2"/><line nr="123" mi="0" ci="9" mb="0" cb="4"/><line nr="124" mi="0" ci="3" mb="0" cb="0"/><line nr="125" mi="0" ci="9" mb="0" cb="2"/><line nr="136" mi="0" ci="10" mb="0" cb="0"/><line nr="147" mi="0" ci="9" mb="0" cb="2"/><counter type="INSTRUCTION" missed="7" covered="164"/><counter type="BRANCH" missed="3" covered="33"/><counter type="LINE" missed="1" covered="28"/><counter type="COMPLEXITY" missed="3" covered="25"/><counter type="METHOD" missed="0" covered="10"/><counter type="CLASS" missed="0" covered="1"/></sourcefile><sourcefile name="MainCLI.java"><line nr="11" mi="1" ci="0" mb="0" cb="0"/><line nr="15" mi="2" ci="0" mb="0" cb="0"/><line nr="16" mi="5" ci="0" mb="0" cb="0"/><line nr="17" mi="6" ci="0" mb="0" cb="0"/><line nr="18" mi="1" ci="0" mb="0" cb="0"/><line nr="20" mi="2" ci="0" mb="0" cb="0"/><line nr="21" mi="3" ci="0" mb="0" cb="0"/><line nr="22" mi="6" ci="0" mb="0" cb="0"/><line nr="23" mi="1" ci="0" mb="0" cb="0"/><line nr="29" mi="3" ci="0" mb="0" cb="0"/><line nr="30" mi="3" ci="0" mb="0" cb="0"/><line nr="31" mi="2" ci="0" mb="0" cb="0"/><line nr="34" mi="2" ci="0" mb="0" cb="0"/><line nr="36" mi="4" ci="0" mb="2" cb="0"/><line nr="37" mi="8" ci="0" mb="2" cb="0"/><line nr="38" mi="3" ci="0" mb="0" cb="0"/><line nr="39" mi="3" ci="0" mb="0" cb="0"/><line nr="42" mi="4" ci="0" mb="2" cb="0"/><line nr="43" mi="8" ci="0" mb="2" cb="0"/><line nr="44" mi="3" ci="0" mb="0" cb="0"/><line nr="45" mi="12" ci="0" mb="0" cb="0"/><line nr="46" mi="1" ci="0" mb="0" cb="0"/><line nr="49" mi="3" ci="0" mb="0" cb="0"/><line nr="50" mi="6" ci="0" mb="0" cb="0"/><line nr="52" mi="4" ci="0" mb="2" cb="0"/><line nr="53" mi="8" ci="0" mb="2" cb="0"/><line nr="54" mi="12" ci="0" mb="0" cb="0"/><line nr="55" mi="1" ci="0" mb="0" cb="0"/><line nr="58" mi="2" ci="0" mb="0" cb="0"/><line nr="59" mi="8" ci="0" mb="5" cb="0"/><line nr="60" mi="5" ci="0" mb="0" cb="0"/><line nr="61" mi="5" ci="0" mb="0" cb="0"/><line nr="62" mi="5" ci="0" mb="0" cb="0"/><line nr="63" mi="5" ci="0" mb="0" cb="0"/><line nr="65" mi="8" ci="0" mb="2" cb="0"/><line nr="66" mi="3" ci="0" mb="0" cb="0"/><line nr="67" mi="1" ci="0" mb="0" cb="0"/><line nr="70" mi="2" ci="0" mb="2" cb="0"/><line nr="71" mi="4" ci="0" mb="0" cb="0"/><line nr="73" mi="3" ci="0" mb="0" cb="0"/><line nr="76" mi="2" ci="0" mb="0" cb="0"/><line nr="77" mi="1" ci="0" mb="0" cb="0"/><line nr="79" mi="3" ci="0" mb="0" cb="0"/><line nr="80" mi="8" ci="0" mb="2" cb="0"/><line nr="81" mi="1" ci="0" mb="0" cb="0"/><line nr="87" mi="4" ci="0" mb="0" cb="0"/><line nr="88" mi="1" ci="0" mb="0" cb="0"/><line nr="91" mi="4" ci="0" mb="0" cb="0"/><line nr="92" mi="2" ci="0" mb="0" cb="0"/><line nr="93" mi="1" ci="0" mb="0" cb="0"/><line nr="96" mi="3" ci="0" mb="0" cb="0"/><line nr="100" mi="4" ci="0" mb="0" cb="0"/><counter type="INSTRUCTION" missed="202" covered="0"/><counter type="BRANCH" missed="23" covered="0"/><counter type="LINE" missed="52" covered="0"/><counter type="COMPLEXITY" missed="21" covered="0"/><counter type="METHOD" missed="8" covered="0"/><counter type="CLASS" missed="1" covered="0"/></sourcefile><counter type="INSTRUCTION" missed="304" covered="1069"/><counter type="BRANCH" missed="59" covered="146"/><counter type="LINE" missed="63" covered="189"/><counter type="COMPLEXITY" missed="56" covered="98"/><counter type="METHOD" missed="9" covered="41"/><counter type="CLASS" missed="1" covered="4"/></package><package name="ar/edu/unrc/game2048/RandomNumGeneration"><class name="ar/edu/unrc/game2048/RandomNumGeneration/DeterministicRandom" sourcefilename="DeterministicRandom.java"><method name="&lt;init&gt;" desc="(Ljava/util/List;)V" line="9"><counter type="INSTRUCTION" missed="22" covered="0"/><counter type="BRANCH" missed="4" covered="0"/><counter type="LINE" missed="6" covered="0"/><counter type="COMPLEXITY" missed="3" covered="0"/><counter type="METHOD" missed="1" covered="0"/></method><method name="nextRandom" desc="()I" line="18"><counter type="INSTRUCTION" missed="20" covered="0"/><counter type="LINE" missed="3" covered="0"/><counter type="COMPLEXITY" missed="1" covered="0"/><counter type="METHOD" missed="1" covered="0"/></method><counter type="INSTRUCTION" missed="42" covered="0"/><counter type="BRANCH" missed="4" covered="0"/><counter type="LINE" missed="9" covered="0"/><counter type="COMPLEXITY" missed="4" covered="0"/><counter type="METHOD" missed="2" covered="0"/><counter type="CLASS" missed="1" covered="0"/></class><class name="ar/edu/unrc/game2048/RandomNumGeneration/MathRandom" sourcefilename="MathRandom.java"><method name="&lt;init&gt;" desc="()V" line="4"><counter type="INSTRUCTION" missed="0" covered="3"/><counter type="LINE" missed="0" covered="2"/><counter type="COMPLEXITY" missed="0" covered="1"/><counter type="METHOD" missed="0" covered="1"/></method><method name="nextRandom" desc="()I" line="9"><counter type="INSTRUCTION" missed="0" covered="7"/><counter type="LINE" missed="0" covered="2"/><counter type="COMPLEXITY" missed="0" covered="1"/><counter type="METHOD" missed="0" covered="1"/></method><counter type="INSTRUCTION" missed="0" covered="10"/><counter type="LINE" missed="0" covered="4"/><counter type="COMPLEXITY" missed="0" covered="2"/><counter type="METHOD" missed="0" covered="2"/><counter type="CLASS" missed="0" covered="1"/></class><class name="ar/edu/unrc/game2048/RandomNumGeneration/IRandom" sourcefilename="IRandom.java"/><sourcefile name="IRandom.java"/><sourcefile name="DeterministicRandom.java"><line nr="9" mi="2" ci="0" mb="0" cb="0"/><line nr="10" mi="5" ci="0" mb="4" cb="0"/><line nr="11" mi="5" ci="0" mb="0" cb="0"/><line nr="13" mi="6" ci="0" mb="0" cb="0"/><line nr="14" mi="3" ci="0" mb="0" cb="0"/><line nr="15" mi="1" ci="0" mb="0" cb="0"/><line nr="18" mi="8" ci="0" mb="0" cb="0"/><line nr="19" mi="10" ci="0" mb="0" cb="0"/><line nr="20" mi="2" ci="0" mb="0" cb="0"/><counter type="INSTRUCTION" missed="42" covered="0"/><counter type="BRANCH" missed="4" covered="0"/><counter type="LINE" missed="9" covered="0"/><counter type="COMPLEXITY" missed="4" covered="0"/><counter type="METHOD" missed="2" covered="0"/><counter type="CLASS" missed="1" covered="0"/></sourcefile><sourcefile name="MathRandom.java"><line nr="4" mi="0" ci="2" mb="0" cb="0"/><line nr="6" mi="0" ci="1" mb="0" cb="0"/><line nr="9" mi="0" ci="5" mb="0" cb="0"/><line nr="10" mi="0" ci="2" mb="0" cb="0"/><counter type="INSTRUCTION" missed="0" covered="10"/><counter type="LINE" missed="0" covered="4"/><counter type="COMPLEXITY" missed="0" covered="2"/><counter type="METHOD" missed="0" covered="2"/><counter type="CLASS" missed="0" covered="1"/></sourcefile><counter type="INSTRUCTION" missed="42" covered="10"/><counter type="BRANCH" missed="4" covered="0"/><counter type="LINE" missed="9" covered="4"/><counter type="COMPLEXITY" missed="4" covered="2"/><counter type="METHOD" missed="2" covered="2"/><counter type="CLASS" missed="1" covered="1"/></package><counter type="INSTRUCTION" missed="346" covered="1257"/><counter type="BRANCH" missed="63" covered="162"/><counter type="LINE" missed="72" covered="225"/><counter type="COMPLEXITY" missed="60" covered="120"/><counter type="METHOD" missed="11" covered="55"/><counter type="CLASS" missed="2" covered="9"/></report>