GROUP,PACKAGE,CLASS,INSTRUCTION_MISSED,INSTRUCTION_COVERED,BRANCH_MISSED,BRANCH_COVERED,LINE_MISSED,LINE_COVERED,COMPLEXITY_MISSED,COMPLEXITY_COVERED,METHOD_MISSED,METHOD_COVERED
2048-game,ar.edu.unrc.game2048.strategy,RightMoveStrategy,0,48,0,4,0,8,0,5,0,3
2048-game,ar.edu.unrc.game2048.strategy,DownMoveStrategy,0,48,0,4,0,8,0,5,0,3
2048-game,ar.edu.unrc.game2048.strategy,UpMoveStrategy,0,41,0,4,0,8,0,5,0,3
2048-game,ar.edu.unrc.game2048.strategy,LeftMoveStrategy,0,41,0,4,0,8,0,5,0,3
2048-game,ar.edu.unrc.game2048,Cell,0,134,0,26,0,20,0,22,0,9
2048-game,ar.edu.unrc.game2048,Board.Direction,27,0,0,0,2,0,1,0,1,0
2048-game,ar.edu.unrc.game2048,Board,25,686,1,93,2,125,2,68,1,22
2048-game,ar.edu.unrc.game2048,Board.Position,22,51,5,5,1,9,6,3,1,3
2048-game,ar.edu.unrc.game2048,MainCLI,7,150,0,13,3,42,1,13,1,5
