GROUP,PACKAGE,CLASS,INSTRUCTION_MISSED,INSTRUCTION_COVERED,BRANCH_MISSED,BRANCH_COVERED,LINE_MISSED,LINE_COVERED,COMPLEXITY_MISSED,COMPLEXITY_COVERED,METHOD_MISSED,METHOD_COVERED
2048-game,ar.edu.unrc.game2048.strategy,RightMoveStrategy,0,48,0,4,0,8,0,5,0,3
2048-game,ar.edu.unrc.game2048.strategy,DownMoveStrategy,0,48,0,4,0,8,0,5,0,3
2048-game,ar.edu.unrc.game2048.strategy,UpMoveStrategy,0,41,0,4,0,8,0,5,0,3
2048-game,ar.edu.unrc.game2048.strategy,LeftMoveStrategy,0,41,0,4,0,8,0,5,0,3
2048-game,ar.edu.unrc.game2048,Cell,5,116,4,22,1,19,3,19,0,9
2048-game,ar.edu.unrc.game2048,Board.Direction,27,0,0,0,2,0,1,0,1,0
2048-game,ar.edu.unrc.game2048,Board,45,660,15,79,5,122,16,54,2,21
2048-game,ar.edu.unrc.game2048,Board.Position,11,51,5,5,1,9,6,3,1,3
2048-game,ar.edu.unrc.game2048,MainCLI,130,0,13,0,40,0,12,0,4,0
